<?xml version="1.0" encoding="UTF-8"?>
<testng-results ignored="0" total="1" passed="1" failed="0" skipped="0">
  <reporter-output>
  </reporter-output>
  <suite started-at="2023-12-07T15:24:25Z" name="Default suite" finished-at="2023-12-07T15:24:34Z" duration-ms="8283">
    <groups>
    </groups>
    <test started-at="2023-12-07T15:24:25Z" name="Default test" finished-at="2023-12-07T15:24:34Z" duration-ms="8283">
      <class name="saucedemo.login.LoginScreen">
        <test-method is-config="true" signature="launchBrowser()[pri:0, instance:saucedemo.login.LoginScreen@119cbf96]" started-at="2023-12-07T15:24:25Z" name="launchBrowser" finished-at="2023-12-07T15:24:33Z" duration-ms="7338" status="PASS">
          <reporter-output>
          </reporter-output>
        </test-method> <!-- launchBrowser -->
        <test-method signature="loginTest()[pri:0, instance:saucedemo.login.LoginScreen@119cbf96]" started-at="2023-12-07T15:24:33Z" name="loginTest" finished-at="2023-12-07T15:24:33Z" duration-ms="607" status="PASS">
          <reporter-output>
          </reporter-output>
        </test-method> <!-- loginTest -->
        <test-method is-config="true" signature="tearDown()[pri:0, instance:saucedemo.login.LoginScreen@119cbf96]" started-at="2023-12-07T15:24:33Z" name="tearDown" finished-at="2023-12-07T15:24:34Z" duration-ms="305" status="PASS">
          <reporter-output>
          </reporter-output>
        </test-method> <!-- tearDown -->
      </class> <!-- saucedemo.login.LoginScreen -->
    </test> <!-- Default test -->
  </suite> <!-- Default suite -->
</testng-results>
